build/app/outputs/mapping/release/seeds.txt
com.example.taka_app.MainActivity
com.example.taka_app.MainActivity: MainActivity()
...
io.flutter.embedding.engine.systemchannels.PlatformChannel$HapticFeedbackType: io.flutter.embedding.engine.systemchannels.PlatformChannel$HapticFeedbackType valueOf(java.lang.String)
io.flutter.view.AccessibilityViewEmbedder: android.view.View platformViewOfNode(int)
io.flutter.embedding.engine.FlutterJNI: FlutterJNI()
io.flutter.embedding.engine.FlutterJNI: void nativeLoadDartDeferredLibrary(long,int,java.lang.String[])
io.flutter.embedding.engine.FlutterJNI: void setRefreshRateFPS(float)
io.flutter.plugin.editing.ImeSyncDeferringInsetsCallback: boolean access$300(io.flutter.plugin.editing.ImeSyncDeferringInsetsCallback)
io.flutter.view.AccessibilityViewEmbedder: io.flutter.view.AccessibilityViewEmbedder$ReflectionAccessors reflectionAccessors
io.flutter.embedding.android.DrawableSplashScreen$DrawableSplashScreenView: void setSplashDrawable(android.graphics.drawable.Drawable)
io.flutter.embedding.engine.FlutterJNI: void asyncWaitForVsync(long)
io.flutter.plugin.platform.SingleViewPresentation: io.flutter.plugin.platform.AccessibilityEventsDelegate accessibilityEventsDelegate
io.flutter.embedding.engine.renderer.SurfaceTextureWrapper: android.graphics.SurfaceTexture surfaceTexture
androidx.versionedparcelable.ParcelImpl: android.os.Parcelable$Creator CREATOR
io.flutter.embedding.engine.systemchannels.PlatformChannel$SystemUiOverlay: io.flutter.embedding.engine.systemchannels.PlatformChannel$SystemUiOverlay[] values()
io.flutter.embedding.engine.systemchannels.SettingsChannel$PlatformBrightness: io.flutter.embedding.engine.systemchannels.SettingsChannel$PlatformBrightness valueOf(java.lang.String)
io.flutter.embedding.engine.FlutterJNI: void nativeInvokePlatformMessageEmptyResponseCallback(long,int)
io.flutter.plugin.platform.SingleViewPresentation: io.flutter.plugin.platform.PlatformView getView()
io.flutter.embedding.engine.FlutterJNI: void nativeOnVsync(long,long,long)
androidx.core.app.RemoteActionCompatParcelizer: androidx.core.app.RemoteActionCompat read(androidx.versionedparcelable.VersionedParcel)
io.flutter.embedding.engine.FlutterJNI: void nativeMarkTextureFrameAvailable(long,long)
io.flutter.embedding.engine.FlutterJNI: void onDisplayOverlaySurface(int,int,int,int,int)
io.flutter.plugin.editing.ImeSyncDeferringInsetsCallback: int access$100(io.flutter.plugin.editing.ImeSyncDeferringInsetsCallback)
io.flutter.embedding.android.FlutterActivity: FlutterActivity()
io.flutter.embedding.engine.FlutterJNI: void nativeSurfaceChanged(long,int,int)
io.flutter.embedding.engine.FlutterJNI: void nativeRegisterTexture(long,long,io.flutter.embedding.engine.renderer.SurfaceTextureWrapper)
io.flutter.plugin.editing.ImeSyncDeferringInsetsCallback: io.flutter.plugin.editing.ImeSyncDeferringInsetsCallback$InsetsListener insetsListener
androidx.annotation.Keep
io.flutter.embedding.engine.FlutterJNI: void dispatchPointerDataPacket(java.nio.ByteBuffer,int)
androidx.lifecycle.Lifecycle$Event: androidx.lifecycle.Lifecycle$Event ON_RESUME
androidx.lifecycle.Lifecycle$State: androidx.lifecycle.Lifecycle$State[] values()
io.flutter.view.AccessibilityBridge$AccessibilityFeature: io.flutter.view.AccessibilityBridge$AccessibilityFeature valueOf(java.lang.String)
io.flutter.embedding.engine.FlutterJNI: void onSurfaceChanged(int,int)
io.flutter.embedding.engine.FlutterJNI: io.flutter.plugin.localization.LocalizationPlugin localizationPlugin
io.flutter.plugin.platform.SingleViewPresentation: android.view.View$OnFocusChangeListener focusChangeListener
androidx.versionedparcelable.ParcelImpl
io.flutter.embedding.engine.FlutterJNI: void dispatchPlatformMessage(java.lang.String,java.nio.ByteBuffer,int,int)
io.flutter.embedding.engine.systemchannels.PlatformChannel$ClipboardContentFormat: io.flutter.embedding.engine.systemchannels.PlatformChannel$ClipboardContentFormat valueOf(java.lang.String)
io.flutter.embedding.engine.FlutterJNI: android.os.Looper mainLooper