build/app/outputs/mapping/release/usage.txt
com.example.taka_app.R$mipmap
com.example.taka_app.R$dimen
com.example.taka_app.R$style
com.example.taka_app.R$drawable
com.example.taka_app.R$id
com.example.taka_app.R$layout
com.example.taka_app.R$string
com.example.taka_app.R$attr
com.example.taka_app.BuildConfig
com.example.taka_app.R$color
com.example.taka_app.R
com.example.taka_app.R$integer
com.example.taka_app.R$styleable
...
androidx.activity.OnBackPressedCallback:
    public void <init>(boolean)
    public final void setEnabled(boolean)
    public final boolean isEnabled()
    public final void remove()
    public abstract void handleOnBackPressed()
    void addCancellable(androidx.activity.Cancellable)
    private boolean mEnabled
    private java.util.concurrent.CopyOnWriteArrayList mCancellables
io.flutter.plugin.platform.SingleViewPresentation$WindowManagerHandler:
    private static final java.lang.String TAG
androidx.core.graphics.PathParser
kotlin.sequences.DistinctIterator
kotlin.jvm.internal.markers.KMutableMap
kotlin.ranges.IntProgressionIterator
androidx.core.graphics.TypefaceCompatBaseImpl$2
androidx.savedstate.Recreator:
    void <init>(androidx.savedstate.SavedStateRegistryOwner)
    static final java.lang.String CLASSES_KEY
    static final java.lang.String COMPONENT_KEY
io.flutter.embedding.engine.loader.FlutterLoader$2$1
androidx.core.view.accessibility.AccessibilityManagerCompat
kotlin.random.FallbackThreadLocalRandom
androidx.core.view.GestureDetectorCompat$GestureDetectorCompatImplJellybeanMr2
io.flutter.embedding.engine.loader.ApplicationInfoLoader:
    public void <init>()
    public static final java.lang.String NETWORK_POLICY_METADATA_KEY
androidx.core.content.PermissionChecker
kotlin.io.FileTreeWalk$FileTreeWalkIterator$SingleFileState
androidx.core.provider.SelfDestructiveThread$ReplyCallback
kotlin.UShortArrayKt
kotlin.coroutines.experimental.AbstractCoroutineContextElement
io.flutter.embedding.android.FlutterSurfaceView:
    public void <init>(android.content.Context)
    public void <init>(android.content.Context,android.util.AttributeSet)
    private static final java.lang.String TAG
androidx.customview.R$color
androidx.fragment.app.FragmentTabHost$TabInfo
androidx.core.app.NotificationCompatSideChannelService
androidx.core.view.DragStartHelper$OnDragStartListener
androidx.core.view.NestedScrollingChild
kotlin.collections.AbstractCollection$toString$1
androidx.activity.ComponentActivity$1
androidx.core.view.ViewCompat$AccessibilityPaneVisibilityManager
kotlin.sequences.DropWhileSequence$iterator$1
kotlin.UIntKt
androidx.loader.content.ModernAsyncTask$InternalHandler
androidx.core.view.animation.PathInterpolatorCompat
androidx.lifecycle.CompositeGeneratedAdaptersObserver:
    void <init>(androidx.lifecycle.GeneratedAdapter[])
kotlin.jvm.internal.MutableLocalVariableReference
androidx.core.hardware.fingerprint.FingerprintManagerCompat$AuthenticationCallback
androidx.core.view.accessibility.AccessibilityViewCommand$MoveWindowArguments
androidx.core.app.ActivityCompat$SharedElementCallback21Impl
kotlin.collections.ArraysKt___ArraysKt$withIndex$4
androidx.lifecycle.Lifecycle:
    public abstract void addObserver(androidx.lifecycle.LifecycleObserver)
kotlin.jvm.functions.Function16
androidx.savedstate.SavedStateRegistryController
kotlin.Lazy
kotlin.sequences.SequencesKt__SequencesKt
io.flutter.embedding.engine.plugins.service.ServiceAware$OnModeChangeListener
androidx.versionedparcelable.VersionedParcelParcel:
    public void writeByteArray(byte[],int,int)
    public void writeLong(long)
    public void writeFloat(float)
    public void writeDouble(double)
    public void writeStrongBinder(android.os.IBinder)
    public void writeStrongInterface(android.os.IInterface)
    public void writeBundle(android.os.Bundle)
    public long readLong()
    public float readFloat()
    public double readDouble()
    public android.os.IBinder readStrongBinder()
    public android.os.Bundle readBundle()
    private static final boolean DEBUG
    private static final java.lang.String TAG
androidx.customview.widget.ViewDragHelper$2
androidx.core.widget.PopupMenuCompat
kotlin.reflect.KTypeProjection$Companion
androidx.lifecycle.R
io.flutter.embedding.android.AndroidKeyProcessor:
    private static final java.lang.String TAG
androidx.core.app.RemoteInput$Builder
androidx.fragment.app.DialogFragment$1